<?xml version="1.0" encoding="UTF-8"?>
<testsuite xmlns:xsi="http://www.w3.org/2001/XMLSchema-instance" xsi:noNamespaceSchemaLocation="https://maven.apache.org/surefire/maven-surefire-plugin/xsd/surefire-test-report.xsd" version="3.0.2" name="tenantApplication.service.impl.TenantApplicationServiceImplTest" time="0.624" tests="5" errors="0" skipped="0" failures="0">
  <properties>
[...]
</properties>
  <testcase name="cancelApplication_Success" classname="cancelApplication_Success()" time="0.578"/>
  <testcase name="submitApplication_DuplicatePending" classname="submitApplication_DuplicatePending()" time="0.009"/>
  <testcase name="submitApplication_Success" classname="submitApplication_Success()" time="0.005"/>
  <testcase name="submitApplication_PropertyNotFound" classname="submitApplication_PropertyNotFound()" time="0.003"/>
  <testcase name="cancelApplication_Unauthorized" classname="cancelApplication_Unauthorized()" time="0.004"/>
</testsuite>